[0.521s] DEBUG:colcon:Command line arguments: ['/usr/bin/colcon', 'build']
[0.521s] DEBUG:colcon:Parsed command line arguments: Namespace(log_base=None, log_level=None, verb_name='build', build_base='build', install_base='install', merge_install=False, symlink_install=False, test_result_base=None, continue_on_error=False, executor='parallel', parallel_workers=8, event_handlers=None, ignore_user_meta=False, metas=['./colcon.meta'], base_paths=['.'], packages_ignore=None, packages_ignore_regex=None, paths=None, packages_up_to=None, packages_up_to_regex=None, packages_above=None, packages_above_and_dependencies=None, packages_above_depth=None, packages_select_by_dep=None, packages_skip_by_dep=None, packages_skip_up_to=None, packages_select_build_failed=False, packages_skip_build_finished=False, packages_select_test_failures=False, packages_skip_test_passed=False, packages_select=None, packages_skip=None, packages_select_regex=None, packages_skip_regex=None, packages_start=None, packages_end=None, allow_overriding=[], cmake_args=None, cmake_target=None, cmake_target_skip_unavailable=False, cmake_clean_cache=False, cmake_clean_first=False, cmake_force_configure=False, ament_cmake_args=None, catkin_cmake_args=None, catkin_skip_building_tests=False, verb_parser=<colcon_defaults.argument_parser.defaults.DefaultArgumentsDecorator object at 0x7fb8f6961840>, verb_extension=<colcon_core.verb.build.BuildVerb object at 0x7fb8f6c7f9a0>, main=<bound method BuildVerb.main of <colcon_core.verb.build.BuildVerb object at 0x7fb8f6c7f9a0>>)
[0.553s] Level 1:colcon.colcon_core.package_discovery:discover_packages(colcon_meta) check parameters
[0.553s] Level 1:colcon.colcon_core.package_discovery:discover_packages(recursive) check parameters
[0.553s] Level 1:colcon.colcon_core.package_discovery:discover_packages(ignore) check parameters
[0.553s] Level 1:colcon.colcon_core.package_discovery:discover_packages(path) check parameters
[0.553s] Level 1:colcon.colcon_core.package_discovery:discover_packages(colcon_meta) discover
[0.553s] Level 1:colcon.colcon_core.package_discovery:discover_packages(recursive) discover
[0.553s] INFO:colcon.colcon_core.package_discovery:Crawling recursively for packages in '/home/cassilas/ros2_ws/src/person_msgs'
[0.554s] Level 1:colcon.colcon_core.package_identification:_identify(.) by extensions ['ignore', 'ignore_ament_install']
[0.554s] Level 1:colcon.colcon_core.package_identification:_identify(.) by extension 'ignore'
[0.554s] Level 1:colcon.colcon_core.package_identification:_identify(.) by extension 'ignore_ament_install'
[0.554s] Level 1:colcon.colcon_core.package_identification:_identify(.) by extensions ['colcon_pkg']
[0.554s] Level 1:colcon.colcon_core.package_identification:_identify(.) by extension 'colcon_pkg'
[0.554s] Level 1:colcon.colcon_core.package_identification:_identify(.) by extensions ['colcon_meta']
[0.554s] Level 1:colcon.colcon_core.package_identification:_identify(.) by extension 'colcon_meta'
[0.554s] Level 1:colcon.colcon_core.package_identification:_identify(.) by extensions ['ros']
[0.554s] Level 1:colcon.colcon_core.package_identification:_identify(.) by extension 'ros'
[0.563s] DEBUG:colcon.colcon_core.package_identification:Failed to parse potential ROS package manifest in'.': Error(s) in package './package.xml':
The manifest contains invalid XML:
mismatched tag: line 21, column 2
[0.563s] Level 1:colcon.colcon_core.package_identification:_identify(.) by extensions ['cmake', 'python']
[0.563s] Level 1:colcon.colcon_core.package_identification:_identify(.) by extension 'cmake'
[0.564s] Level 1:colcon.colcon_core.package_identification:_identify(.) by extension 'python'
[0.564s] DEBUG:colcon.colcon_core.package_identification:Package '.' with type 'cmake' and name 'person_msgs'
[0.564s] Level 1:colcon.colcon_core.package_discovery:discover_packages(recursive) using defaults
[0.564s] Level 1:colcon.colcon_core.package_discovery:discover_packages(ignore) discover
[0.564s] Level 1:colcon.colcon_core.package_discovery:discover_packages(ignore) using defaults
[0.564s] Level 1:colcon.colcon_core.package_discovery:discover_packages(path) discover
[0.564s] Level 1:colcon.colcon_core.package_discovery:discover_packages(path) using defaults
[0.610s] Level 1:colcon.colcon_core.package_discovery:discover_packages(prefix_path) check parameters
[0.610s] Level 1:colcon.colcon_core.package_discovery:discover_packages(prefix_path) discover
[0.617s] WARNING:colcon.colcon_ros.prefix_path.ament:The path '/home/cassilas/ros2_ws/install/person_msgs' in the environment variable AMENT_PREFIX_PATH doesn't exist
[0.617s] WARNING:colcon.colcon_ros.prefix_path.catkin:The path '/home/cassilas/ros2_ws/install/person_msgs' in the environment variable CMAKE_PREFIX_PATH doesn't exist
[0.624s] DEBUG:colcon.colcon_installed_package_information.package_discovery:Found 1 installed packages in /home/cassilas/ros2_ws/install
[0.632s] DEBUG:colcon.colcon_installed_package_information.package_discovery:Found 270 installed packages in /opt/ros/humble
[0.633s] Level 1:colcon.colcon_core.package_discovery:discover_packages(prefix_path) using defaults
[0.675s] Level 5:colcon.colcon_core.verb:set package 'person_msgs' build argument 'cmake_args' from command line to 'None'
[0.675s] Level 5:colcon.colcon_core.verb:set package 'person_msgs' build argument 'cmake_target' from command line to 'None'
[0.675s] Level 5:colcon.colcon_core.verb:set package 'person_msgs' build argument 'cmake_target_skip_unavailable' from command line to 'False'
[0.675s] Level 5:colcon.colcon_core.verb:set package 'person_msgs' build argument 'cmake_clean_cache' from command line to 'False'
[0.675s] Level 5:colcon.colcon_core.verb:set package 'person_msgs' build argument 'cmake_clean_first' from command line to 'False'
[0.675s] Level 5:colcon.colcon_core.verb:set package 'person_msgs' build argument 'cmake_force_configure' from command line to 'False'
[0.675s] Level 5:colcon.colcon_core.verb:set package 'person_msgs' build argument 'ament_cmake_args' from command line to 'None'
[0.675s] Level 5:colcon.colcon_core.verb:set package 'person_msgs' build argument 'catkin_cmake_args' from command line to 'None'
[0.675s] Level 5:colcon.colcon_core.verb:set package 'person_msgs' build argument 'catkin_skip_building_tests' from command line to 'False'
[0.675s] DEBUG:colcon.colcon_core.verb:Building package 'person_msgs' with the following arguments: {'ament_cmake_args': None, 'build_base': '/home/cassilas/ros2_ws/src/person_msgs/build/person_msgs', 'catkin_cmake_args': None, 'catkin_skip_building_tests': False, 'cmake_args': None, 'cmake_clean_cache': False, 'cmake_clean_first': False, 'cmake_force_configure': False, 'cmake_target': None, 'cmake_target_skip_unavailable': False, 'install_base': '/home/cassilas/ros2_ws/src/person_msgs/install/person_msgs', 'merge_install': False, 'path': '/home/cassilas/ros2_ws/src/person_msgs', 'symlink_install': False, 'test_result_base': None}
[0.682s] INFO:colcon.colcon_core.executor:Executing jobs using 'parallel' executor
[0.689s] DEBUG:colcon.colcon_parallel_executor.executor.parallel:run_until_complete
[0.689s] INFO:colcon.colcon_cmake.task.cmake.build:Building CMake package in '/home/cassilas/ros2_ws/src/person_msgs'
[0.699s] INFO:colcon.colcon_core.plugin_system:Skipping extension 'colcon_core.shell.bat': Not used on non-Windows systems
[0.699s] INFO:colcon.colcon_core.shell:Skip shell extension 'powershell' for command environment: Not usable outside of PowerShell
[0.699s] DEBUG:colcon.colcon_core.shell:Skip shell extension 'dsv' for command environment
[0.729s] DEBUG:colcon.colcon_core.event_handler.log_command:Invoking command in '/home/cassilas/ros2_ws/src/person_msgs/build/person_msgs': /usr/bin/cmake /home/cassilas/ros2_ws/src/person_msgs -DCMAKE_INSTALL_PREFIX=/home/cassilas/ros2_ws/src/person_msgs/install/person_msgs
[1.999s] DEBUG:colcon.colcon_core.event_handler.log_command:Invoked command in '/home/cassilas/ros2_ws/src/person_msgs/build/person_msgs' returned '1': /usr/bin/cmake /home/cassilas/ros2_ws/src/person_msgs -DCMAKE_INSTALL_PREFIX=/home/cassilas/ros2_ws/src/person_msgs/install/person_msgs
[2.010s] DEBUG:colcon.colcon_parallel_executor.executor.parallel:closing loop
[2.010s] DEBUG:colcon.colcon_parallel_executor.executor.parallel:loop closed
[2.010s] DEBUG:colcon.colcon_parallel_executor.executor.parallel:run_until_complete finished with '1'
[2.010s] DEBUG:colcon.colcon_core.event_reactor:joining thread
[2.047s] INFO:colcon.colcon_core.plugin_system:Skipping extension 'colcon_notification.desktop_notification.notify_send': Could not find 'notify-send'
[2.047s] INFO:colcon.colcon_core.plugin_system:Skipping extension 'colcon_notification.desktop_notification.terminal_notifier': Not used on non-Darwin systems
[2.047s] INFO:colcon.colcon_core.plugin_system:Skipping extension 'colcon_notification.desktop_notification.win32': Not used on non-Windows systems
[2.047s] INFO:colcon.colcon_notification.desktop_notification:Sending desktop notification using 'notify2'
[2.047s] DEBUG:colcon.colcon_notification.desktop_notification.notify2:Failed to initialize notify2: org.freedesktop.DBus.Error.FileNotFound: Failed to connect to socket /run/user/1000/bus: No such file or directory
[2.048s] DEBUG:colcon.colcon_core.event_reactor:joined thread
[2.056s] INFO:colcon.colcon_core.shell:Creating prefix script '/home/cassilas/ros2_ws/src/person_msgs/install/local_setup.ps1'
[2.057s] INFO:colcon.colcon_core.shell:Creating prefix util module '/home/cassilas/ros2_ws/src/person_msgs/install/_local_setup_util_ps1.py'
[2.057s] INFO:colcon.colcon_core.shell:Creating prefix chain script '/home/cassilas/ros2_ws/src/person_msgs/install/setup.ps1'
[2.065s] INFO:colcon.colcon_core.shell:Creating prefix script '/home/cassilas/ros2_ws/src/person_msgs/install/local_setup.sh'
[2.066s] INFO:colcon.colcon_core.shell:Creating prefix util module '/home/cassilas/ros2_ws/src/person_msgs/install/_local_setup_util_sh.py'
[2.066s] INFO:colcon.colcon_core.shell:Creating prefix chain script '/home/cassilas/ros2_ws/src/person_msgs/install/setup.sh'
[2.074s] INFO:colcon.colcon_core.shell:Creating prefix script '/home/cassilas/ros2_ws/src/person_msgs/install/local_setup.bash'
[2.074s] INFO:colcon.colcon_core.shell:Creating prefix chain script '/home/cassilas/ros2_ws/src/person_msgs/install/setup.bash'
[2.081s] INFO:colcon.colcon_core.shell:Creating prefix script '/home/cassilas/ros2_ws/src/person_msgs/install/local_setup.zsh'
[2.081s] INFO:colcon.colcon_core.shell:Creating prefix chain script '/home/cassilas/ros2_ws/src/person_msgs/install/setup.zsh'
