[0.039s] Invoking command in '/home/cassilas/ros2_ws/src/person_msgs/build/person_msgs': CMAKE_PREFIX_PATH=${CMAKE_PREFIX_PATH}:/home/cassilas/ros2_ws/install/mypkg:/opt/ros/humble /usr/bin/cmake /home/cassilas/ros2_ws/src/person_msgs -DCMAKE_INSTALL_PREFIX=/home/cassilas/ros2_ws/src/person_msgs/install/person_msgs
[0.045s] -- Found ament_cmake: 1.3.6 (/opt/ros/humble/share/ament_cmake/cmake)
[0.134s] -- Found rosidl_default_generators: 1.2.0 (/opt/ros/humble/share/rosidl_default_generators/cmake)
[0.135s] -- Using all available rosidl_typesupport_c: rosidl_typesupport_fastrtps_c;rosidl_typesupport_introspection_c
[0.138s] -- Found rosidl_adapter: 3.1.5 (/opt/ros/humble/share/rosidl_adapter/cmake)
[0.215s] -- Using all available rosidl_typesupport_cpp: rosidl_typesupport_fastrtps_cpp;rosidl_typesupport_introspection_cpp
[0.388s] -- Found ament_cmake_ros: 0.10.0 (/opt/ros/humble/share/ament_cmake_ros/cmake)
[0.505s] -- Using all available rosidl_typesupport_c: rosidl_typesupport_fastrtps_c;rosidl_typesupport_introspection_c
[0.659s] -- Using all available rosidl_typesupport_cpp: rosidl_typesupport_fastrtps_cpp;rosidl_typesupport_introspection_cpp
[0.727s] -- Found PythonInterp: /usr/bin/python3 (found suitable version "3.10.12", minimum required is "3.6") 
[0.728s] -- Found python_cmake_module: 0.10.0 (/opt/ros/humble/share/python_cmake_module/cmake)
[0.931s] -- Found PythonLibs: /usr/lib/x86_64-linux-gnu/libpython3.10.so (found suitable version "3.10.12", minimum required is "3.5") 
[0.931s] -- Using PYTHON_EXECUTABLE: /usr/bin/python3
[0.931s] -- Using PYTHON_INCLUDE_DIRS: /usr/include/python3.10
[0.931s] -- Using PYTHON_LIBRARIES: /usr/lib/x86_64-linux-gnu/libpython3.10.so
[0.944s] -- Found PythonExtra: .so  
[0.993s] -- Found ament_lint_auto: 0.12.9 (/opt/ros/humble/share/ament_lint_auto/cmake)
[1.014s] -- Added test 'cppcheck' to perform static code analysis on C / C++ code
[1.014s] -- Configured cppcheck include dirs: $<BUILD_INTERFACE:/home/cassilas/ros2_ws/src/person_msgs/build/person_msgs/rosidl_generator_c>;$<BUILD_INTERFACE:/home/cassilas/ros2_ws/src/person_msgs/build/person_msgs/rosidl_typesupport_fastrtps_c>;$<BUILD_INTERFACE:/home/cassilas/ros2_ws/src/person_msgs/build/person_msgs/rosidl_typesupport_introspection_c>;$<BUILD_INTERFACE:/home/cassilas/ros2_ws/src/person_msgs/build/person_msgs/rosidl_generator_cpp>;$<BUILD_INTERFACE:/home/cassilas/ros2_ws/src/person_msgs/build/person_msgs/rosidl_typesupport_fastrtps_cpp>;$<BUILD_INTERFACE:/home/cassilas/ros2_ws/src/person_msgs/build/person_msgs/rosidl_typesupport_introspection_cpp>;/home/cassilas/ros2_ws/src/person_msgs/build/person_msgs/rosidl_generator_c;/home/cassilas/ros2_ws/src/person_msgs/build/person_msgs/rosidl_generator_py
[1.014s] -- Configured cppcheck exclude dirs and/or files: 
[1.016s] -- Added test 'flake8' to check Python code syntax and style conventions
[1.018s] -- Added test 'lint_cmake' to check CMake code style
[1.019s] -- Added test 'pep257' to check Python code against some of the docstring style conventions in PEP 257
[1.026s] -- Added test 'uncrustify' to check C / C++ code style
[1.026s] -- Configured uncrustify additional arguments: 
[1.027s] -- Added test 'xmllint' to check XML markup files
[1.030s] -- Configuring done
[1.061s] -- Generating done
[1.064s] -- Build files have been written to: /home/cassilas/ros2_ws/src/person_msgs/build/person_msgs
[1.069s] Invoked command in '/home/cassilas/ros2_ws/src/person_msgs/build/person_msgs' returned '0': CMAKE_PREFIX_PATH=${CMAKE_PREFIX_PATH}:/home/cassilas/ros2_ws/install/mypkg:/opt/ros/humble /usr/bin/cmake /home/cassilas/ros2_ws/src/person_msgs -DCMAKE_INSTALL_PREFIX=/home/cassilas/ros2_ws/src/person_msgs/install/person_msgs
[1.071s] Invoking command in '/home/cassilas/ros2_ws/src/person_msgs/build/person_msgs': CMAKE_PREFIX_PATH=${CMAKE_PREFIX_PATH}:/home/cassilas/ros2_ws/install/mypkg:/opt/ros/humble /usr/bin/cmake --build /home/cassilas/ros2_ws/src/person_msgs/build/person_msgs -- -j8 -l8
[1.096s] [  3%] [34m[1mGenerating C code for ROS interfaces[0m
[1.104s] [  6%] [34m[1mGenerating C++ code for ROS interfaces[0m
[1.110s] [  6%] Built target ament_cmake_python_copy_person_msgs
[1.258s] running egg_info
[1.259s] creating person_msgs.egg-info
[1.267s] writing person_msgs.egg-info/PKG-INFO
[1.268s] writing dependency_links to person_msgs.egg-info/dependency_links.txt
[1.268s] writing top-level names to person_msgs.egg-info/top_level.txt
[1.268s] writing manifest file 'person_msgs.egg-info/SOURCES.txt'
[1.297s] reading manifest file 'person_msgs.egg-info/SOURCES.txt'
[1.297s] writing manifest file 'person_msgs.egg-info/SOURCES.txt'
[1.299s] [  6%] Built target person_msgs__cpp
[1.303s] [  9%] [32mBuilding C object CMakeFiles/person_msgs__rosidl_generator_c.dir/rosidl_generator_c/person_msgs/msg/detail/person__functions.c.o[0m
[1.308s] [ 12%] [34m[1mGenerating C++ type support dispatch for ROS interfaces[0m
[1.309s] [ 16%] [34m[1mGenerating C++ introspection for ROS interfaces[0m
[1.309s] [ 19%] [34m[1mGenerating C++ type support for eProsima Fast-RTPS[0m
[1.327s] [ 19%] Built target ament_cmake_python_build_person_msgs_egg
[1.362s] [ 22%] [32m[1mLinking C shared library libperson_msgs__rosidl_generator_c.so[0m
[1.433s] [ 22%] Built target person_msgs__rosidl_generator_c
[1.441s] [ 29%] [34m[1mGenerating C type support for eProsima Fast-RTPS[0m
[1.441s] [ 29%] [34m[1mGenerating C introspection for ROS interfaces[0m
[1.442s] [ 32%] [34m[1mGenerating C type support dispatch for ROS interfaces[0m
[1.533s] [ 35%] [32mBuilding CXX object CMakeFiles/person_msgs__rosidl_typesupport_introspection_cpp.dir/rosidl_typesupport_introspection_cpp/person_msgs/msg/detail/person__type_support.cpp.o[0m
[1.537s] [ 38%] [32mBuilding CXX object CMakeFiles/person_msgs__rosidl_typesupport_cpp.dir/rosidl_typesupport_cpp/person_msgs/msg/person__type_support.cpp.o[0m
[1.555s] [ 41%] [32mBuilding CXX object CMakeFiles/person_msgs__rosidl_typesupport_fastrtps_cpp.dir/rosidl_typesupport_fastrtps_cpp/person_msgs/msg/detail/dds_fastrtps/person__type_support.cpp.o[0m
[1.694s] [ 45%] [32mBuilding CXX object CMakeFiles/person_msgs__rosidl_typesupport_fastrtps_c.dir/rosidl_typesupport_fastrtps_c/person_msgs/msg/detail/person__type_support_c.cpp.o[0m
[1.699s] [ 48%] [32mBuilding C object CMakeFiles/person_msgs__rosidl_typesupport_introspection_c.dir/rosidl_typesupport_introspection_c/person_msgs/msg/detail/person__type_support.c.o[0m
[1.707s] [ 51%] [32mBuilding CXX object CMakeFiles/person_msgs__rosidl_typesupport_c.dir/rosidl_typesupport_c/person_msgs/msg/person__type_support.cpp.o[0m
[1.726s] [ 54%] [32m[1mLinking C shared library libperson_msgs__rosidl_typesupport_introspection_c.so[0m
[1.741s] [ 58%] [32m[1mLinking CXX shared library libperson_msgs__rosidl_typesupport_c.so[0m
[1.826s] [ 58%] Built target person_msgs__rosidl_typesupport_introspection_c
[1.850s] [ 61%] [32m[1mLinking CXX shared library libperson_msgs__rosidl_typesupport_cpp.so[0m
[1.857s] [ 61%] Built target person_msgs__rosidl_typesupport_c
[1.930s] [ 61%] Built target person_msgs__rosidl_typesupport_cpp
[1.933s] [ 64%] [32m[1mLinking CXX shared library libperson_msgs__rosidl_typesupport_introspection_cpp.so[0m
[1.988s] [ 67%] [32m[1mLinking CXX shared library libperson_msgs__rosidl_typesupport_fastrtps_cpp.so[0m
[2.016s] [ 70%] [32m[1mLinking CXX shared library libperson_msgs__rosidl_typesupport_fastrtps_c.so[0m
[2.051s] [ 70%] Built target person_msgs__rosidl_typesupport_introspection_cpp
[2.090s] [ 70%] Built target person_msgs__rosidl_typesupport_fastrtps_cpp
[2.111s] [ 70%] Built target person_msgs__rosidl_typesupport_fastrtps_c
[2.124s] [ 70%] Built target person_msgs
[2.141s] [ 74%] [34m[1mGenerating Python code for ROS interfaces[0m
[2.324s] [ 74%] Built target person_msgs__py
[2.336s] [ 77%] [32mBuilding C object CMakeFiles/person_msgs__rosidl_generator_py.dir/rosidl_generator_py/person_msgs/msg/_person_s.c.o[0m
[2.410s] [ 80%] [32m[1mLinking C shared library rosidl_generator_py/person_msgs/libperson_msgs__rosidl_generator_py.so[0m
[2.475s] [ 80%] Built target person_msgs__rosidl_generator_py
[2.488s] [ 90%] [32mBuilding C object CMakeFiles/person_msgs__rosidl_typesupport_c__pyext.dir/rosidl_generator_py/person_msgs/_person_msgs_s.ep.rosidl_typesupport_c.c.o[0m
[2.488s] [ 90%] [32mBuilding C object CMakeFiles/person_msgs__rosidl_typesupport_fastrtps_c__pyext.dir/rosidl_generator_py/person_msgs/_person_msgs_s.ep.rosidl_typesupport_fastrtps_c.c.o[0m
[2.488s] [ 90%] [32mBuilding C object CMakeFiles/person_msgs__rosidl_typesupport_introspection_c__pyext.dir/rosidl_generator_py/person_msgs/_person_msgs_s.ep.rosidl_typesupport_introspection_c.c.o[0m
[2.547s] [ 93%] [32m[1mLinking C shared library rosidl_generator_py/person_msgs/person_msgs_s__rosidl_typesupport_fastrtps_c.cpython-310-x86_64-linux-gnu.so[0m
[2.564s] [ 96%] [32m[1mLinking C shared library rosidl_generator_py/person_msgs/person_msgs_s__rosidl_typesupport_introspection_c.cpython-310-x86_64-linux-gnu.so[0m
[2.565s] [100%] [32m[1mLinking C shared library rosidl_generator_py/person_msgs/person_msgs_s__rosidl_typesupport_c.cpython-310-x86_64-linux-gnu.so[0m
[2.626s] [100%] Built target person_msgs__rosidl_typesupport_fastrtps_c__pyext
[2.633s] [100%] Built target person_msgs__rosidl_typesupport_introspection_c__pyext
[2.634s] [100%] Built target person_msgs__rosidl_typesupport_c__pyext
[2.641s] Invoked command in '/home/cassilas/ros2_ws/src/person_msgs/build/person_msgs' returned '0': CMAKE_PREFIX_PATH=${CMAKE_PREFIX_PATH}:/home/cassilas/ros2_ws/install/mypkg:/opt/ros/humble /usr/bin/cmake --build /home/cassilas/ros2_ws/src/person_msgs/build/person_msgs -- -j8 -l8
[2.684s] Invoking command in '/home/cassilas/ros2_ws/src/person_msgs/build/person_msgs': CMAKE_PREFIX_PATH=${CMAKE_PREFIX_PATH}:/home/cassilas/ros2_ws/install/mypkg:/opt/ros/humble /usr/bin/cmake --install /home/cassilas/ros2_ws/src/person_msgs/build/person_msgs
[2.688s] -- Install configuration: ""
[2.688s] -- Installing: /home/cassilas/ros2_ws/src/person_msgs/install/person_msgs/share/ament_index/resource_index/rosidl_interfaces/person_msgs
[2.688s] -- Installing: /home/cassilas/ros2_ws/src/person_msgs/install/person_msgs/include/person_msgs/person_msgs
[2.689s] -- Installing: /home/cassilas/ros2_ws/src/person_msgs/install/person_msgs/include/person_msgs/person_msgs/msg
[2.689s] -- Installing: /home/cassilas/ros2_ws/src/person_msgs/install/person_msgs/include/person_msgs/person_msgs/msg/person.h
[2.689s] -- Installing: /home/cassilas/ros2_ws/src/person_msgs/install/person_msgs/include/person_msgs/person_msgs/msg/rosidl_generator_c__visibility_control.h
[2.689s] -- Installing: /home/cassilas/ros2_ws/src/person_msgs/install/person_msgs/include/person_msgs/person_msgs/msg/detail
[2.689s] -- Installing: /home/cassilas/ros2_ws/src/person_msgs/install/person_msgs/include/person_msgs/person_msgs/msg/detail/person__functions.c
[2.689s] -- Installing: /home/cassilas/ros2_ws/src/person_msgs/install/person_msgs/include/person_msgs/person_msgs/msg/detail/person__type_support.h
[2.689s] -- Installing: /home/cassilas/ros2_ws/src/person_msgs/install/person_msgs/include/person_msgs/person_msgs/msg/detail/person__functions.h
[2.690s] -- Installing: /home/cassilas/ros2_ws/src/person_msgs/install/person_msgs/include/person_msgs/person_msgs/msg/detail/person__struct.h
[2.690s] -- Installing: /home/cassilas/ros2_ws/src/person_msgs/install/person_msgs/share/person_msgs/environment/library_path.sh
[2.690s] -- Installing: /home/cassilas/ros2_ws/src/person_msgs/install/person_msgs/share/person_msgs/environment/library_path.dsv
[2.690s] -- Installing: /home/cassilas/ros2_ws/src/person_msgs/install/person_msgs/lib/libperson_msgs__rosidl_generator_c.so
[2.690s] -- Set runtime path of "/home/cassilas/ros2_ws/src/person_msgs/install/person_msgs/lib/libperson_msgs__rosidl_generator_c.so" to ""
[2.691s] -- Up-to-date: /home/cassilas/ros2_ws/src/person_msgs/install/person_msgs/include/person_msgs/person_msgs
[2.691s] -- Up-to-date: /home/cassilas/ros2_ws/src/person_msgs/install/person_msgs/include/person_msgs/person_msgs/msg
[2.691s] -- Installing: /home/cassilas/ros2_ws/src/person_msgs/install/person_msgs/include/person_msgs/person_msgs/msg/rosidl_typesupport_fastrtps_c__visibility_control.h
[2.691s] -- Up-to-date: /home/cassilas/ros2_ws/src/person_msgs/install/person_msgs/include/person_msgs/person_msgs/msg/detail
[2.691s] -- Installing: /home/cassilas/ros2_ws/src/person_msgs/install/person_msgs/include/person_msgs/person_msgs/msg/detail/person__rosidl_typesupport_fastrtps_c.h
[2.691s] -- Installing: /home/cassilas/ros2_ws/src/person_msgs/install/person_msgs/lib/libperson_msgs__rosidl_typesupport_fastrtps_c.so
[2.691s] -- Set runtime path of "/home/cassilas/ros2_ws/src/person_msgs/install/person_msgs/lib/libperson_msgs__rosidl_typesupport_fastrtps_c.so" to ""
[2.691s] -- Up-to-date: /home/cassilas/ros2_ws/src/person_msgs/install/person_msgs/include/person_msgs/person_msgs
[2.692s] -- Up-to-date: /home/cassilas/ros2_ws/src/person_msgs/install/person_msgs/include/person_msgs/person_msgs/msg
[2.692s] -- Installing: /home/cassilas/ros2_ws/src/person_msgs/install/person_msgs/include/person_msgs/person_msgs/msg/rosidl_typesupport_introspection_c__visibility_control.h
[2.692s] -- Up-to-date: /home/cassilas/ros2_ws/src/person_msgs/install/person_msgs/include/person_msgs/person_msgs/msg/detail
[2.692s] -- Installing: /home/cassilas/ros2_ws/src/person_msgs/install/person_msgs/include/person_msgs/person_msgs/msg/detail/person__type_support.c
[2.692s] -- Installing: /home/cassilas/ros2_ws/src/person_msgs/install/person_msgs/include/person_msgs/person_msgs/msg/detail/person__rosidl_typesupport_introspection_c.h
[2.692s] -- Installing: /home/cassilas/ros2_ws/src/person_msgs/install/person_msgs/lib/libperson_msgs__rosidl_typesupport_introspection_c.so
[2.692s] -- Set runtime path of "/home/cassilas/ros2_ws/src/person_msgs/install/person_msgs/lib/libperson_msgs__rosidl_typesupport_introspection_c.so" to ""
[2.692s] -- Installing: /home/cassilas/ros2_ws/src/person_msgs/install/person_msgs/lib/libperson_msgs__rosidl_typesupport_c.so
[2.692s] -- Set runtime path of "/home/cassilas/ros2_ws/src/person_msgs/install/person_msgs/lib/libperson_msgs__rosidl_typesupport_c.so" to ""
[2.692s] -- Up-to-date: /home/cassilas/ros2_ws/src/person_msgs/install/person_msgs/include/person_msgs/person_msgs
[2.693s] -- Up-to-date: /home/cassilas/ros2_ws/src/person_msgs/install/person_msgs/include/person_msgs/person_msgs/msg
[2.693s] -- Installing: /home/cassilas/ros2_ws/src/person_msgs/install/person_msgs/include/person_msgs/person_msgs/msg/person.hpp
[2.693s] -- Up-to-date: /home/cassilas/ros2_ws/src/person_msgs/install/person_msgs/include/person_msgs/person_msgs/msg/detail
[2.693s] -- Installing: /home/cassilas/ros2_ws/src/person_msgs/install/person_msgs/include/person_msgs/person_msgs/msg/detail/person__builder.hpp
[2.693s] -- Installing: /home/cassilas/ros2_ws/src/person_msgs/install/person_msgs/include/person_msgs/person_msgs/msg/detail/person__traits.hpp
[2.693s] -- Installing: /home/cassilas/ros2_ws/src/person_msgs/install/person_msgs/include/person_msgs/person_msgs/msg/detail/person__struct.hpp
[2.693s] -- Up-to-date: /home/cassilas/ros2_ws/src/person_msgs/install/person_msgs/include/person_msgs/person_msgs
[2.693s] -- Up-to-date: /home/cassilas/ros2_ws/src/person_msgs/install/person_msgs/include/person_msgs/person_msgs/msg
[2.693s] -- Installing: /home/cassilas/ros2_ws/src/person_msgs/install/person_msgs/include/person_msgs/person_msgs/msg/rosidl_typesupport_fastrtps_cpp__visibility_control.h
[2.694s] -- Up-to-date: /home/cassilas/ros2_ws/src/person_msgs/install/person_msgs/include/person_msgs/person_msgs/msg/detail
[2.694s] -- Installing: /home/cassilas/ros2_ws/src/person_msgs/install/person_msgs/include/person_msgs/person_msgs/msg/detail/dds_fastrtps
[2.694s] -- Installing: /home/cassilas/ros2_ws/src/person_msgs/install/person_msgs/include/person_msgs/person_msgs/msg/detail/person__rosidl_typesupport_fastrtps_cpp.hpp
[2.694s] -- Installing: /home/cassilas/ros2_ws/src/person_msgs/install/person_msgs/lib/libperson_msgs__rosidl_typesupport_fastrtps_cpp.so
[2.694s] -- Set runtime path of "/home/cassilas/ros2_ws/src/person_msgs/install/person_msgs/lib/libperson_msgs__rosidl_typesupport_fastrtps_cpp.so" to ""
[2.694s] -- Up-to-date: /home/cassilas/ros2_ws/src/person_msgs/install/person_msgs/include/person_msgs/person_msgs
[2.694s] -- Up-to-date: /home/cassilas/ros2_ws/src/person_msgs/install/person_msgs/include/person_msgs/person_msgs/msg
[2.694s] -- Up-to-date: /home/cassilas/ros2_ws/src/person_msgs/install/person_msgs/include/person_msgs/person_msgs/msg/detail
[2.694s] -- Installing: /home/cassilas/ros2_ws/src/person_msgs/install/person_msgs/include/person_msgs/person_msgs/msg/detail/person__rosidl_typesupport_introspection_cpp.hpp
[2.695s] -- Installing: /home/cassilas/ros2_ws/src/person_msgs/install/person_msgs/include/person_msgs/person_msgs/msg/detail/person__type_support.cpp
[2.695s] -- Installing: /home/cassilas/ros2_ws/src/person_msgs/install/person_msgs/lib/libperson_msgs__rosidl_typesupport_introspection_cpp.so
[2.695s] -- Set runtime path of "/home/cassilas/ros2_ws/src/person_msgs/install/person_msgs/lib/libperson_msgs__rosidl_typesupport_introspection_cpp.so" to ""
[2.695s] -- Installing: /home/cassilas/ros2_ws/src/person_msgs/install/person_msgs/lib/libperson_msgs__rosidl_typesupport_cpp.so
[2.695s] -- Set runtime path of "/home/cassilas/ros2_ws/src/person_msgs/install/person_msgs/lib/libperson_msgs__rosidl_typesupport_cpp.so" to ""
[2.695s] -- Installing: /home/cassilas/ros2_ws/src/person_msgs/install/person_msgs/share/person_msgs/environment/pythonpath.sh
[2.695s] -- Installing: /home/cassilas/ros2_ws/src/person_msgs/install/person_msgs/share/person_msgs/environment/pythonpath.dsv
[2.695s] -- Installing: /home/cassilas/ros2_ws/src/person_msgs/install/person_msgs/local/lib/python3.10/dist-packages/person_msgs-0.0.0-py3.10.egg-info
[2.696s] -- Installing: /home/cassilas/ros2_ws/src/person_msgs/install/person_msgs/local/lib/python3.10/dist-packages/person_msgs-0.0.0-py3.10.egg-info/top_level.txt
[2.696s] -- Installing: /home/cassilas/ros2_ws/src/person_msgs/install/person_msgs/local/lib/python3.10/dist-packages/person_msgs-0.0.0-py3.10.egg-info/dependency_links.txt
[2.696s] -- Installing: /home/cassilas/ros2_ws/src/person_msgs/install/person_msgs/local/lib/python3.10/dist-packages/person_msgs-0.0.0-py3.10.egg-info/SOURCES.txt
[2.696s] -- Installing: /home/cassilas/ros2_ws/src/person_msgs/install/person_msgs/local/lib/python3.10/dist-packages/person_msgs-0.0.0-py3.10.egg-info/PKG-INFO
[2.696s] -- Installing: /home/cassilas/ros2_ws/src/person_msgs/install/person_msgs/local/lib/python3.10/dist-packages/person_msgs
[2.696s] -- Installing: /home/cassilas/ros2_ws/src/person_msgs/install/person_msgs/local/lib/python3.10/dist-packages/person_msgs/libperson_msgs__rosidl_generator_py.so
[2.696s] -- Installing: /home/cassilas/ros2_ws/src/person_msgs/install/person_msgs/local/lib/python3.10/dist-packages/person_msgs/_person_msgs_s.ep.rosidl_typesupport_introspection_c.c
[2.696s] -- Installing: /home/cassilas/ros2_ws/src/person_msgs/install/person_msgs/local/lib/python3.10/dist-packages/person_msgs/_person_msgs_s.ep.rosidl_typesupport_c.c
[2.696s] -- Installing: /home/cassilas/ros2_ws/src/person_msgs/install/person_msgs/local/lib/python3.10/dist-packages/person_msgs/person_msgs_s__rosidl_typesupport_fastrtps_c.cpython-310-x86_64-linux-gnu.so
[2.696s] -- Installing: /home/cassilas/ros2_ws/src/person_msgs/install/person_msgs/local/lib/python3.10/dist-packages/person_msgs/msg
[2.696s] -- Installing: /home/cassilas/ros2_ws/src/person_msgs/install/person_msgs/local/lib/python3.10/dist-packages/person_msgs/msg/_person.py
[2.696s] -- Installing: /home/cassilas/ros2_ws/src/person_msgs/install/person_msgs/local/lib/python3.10/dist-packages/person_msgs/msg/_person_s.c
[2.696s] -- Installing: /home/cassilas/ros2_ws/src/person_msgs/install/person_msgs/local/lib/python3.10/dist-packages/person_msgs/msg/__init__.py
[2.697s] -- Installing: /home/cassilas/ros2_ws/src/person_msgs/install/person_msgs/local/lib/python3.10/dist-packages/person_msgs/person_msgs_s__rosidl_typesupport_introspection_c.cpython-310-x86_64-linux-gnu.so
[2.697s] -- Installing: /home/cassilas/ros2_ws/src/person_msgs/install/person_msgs/local/lib/python3.10/dist-packages/person_msgs/person_msgs_s__rosidl_typesupport_c.cpython-310-x86_64-linux-gnu.so
[2.697s] -- Installing: /home/cassilas/ros2_ws/src/person_msgs/install/person_msgs/local/lib/python3.10/dist-packages/person_msgs/_person_msgs_s.ep.rosidl_typesupport_fastrtps_c.c
[2.697s] -- Installing: /home/cassilas/ros2_ws/src/person_msgs/install/person_msgs/local/lib/python3.10/dist-packages/person_msgs/__init__.py
[2.719s] Listing '/home/cassilas/ros2_ws/src/person_msgs/install/person_msgs/local/lib/python3.10/dist-packages/person_msgs'...
[2.719s] Compiling '/home/cassilas/ros2_ws/src/person_msgs/install/person_msgs/local/lib/python3.10/dist-packages/person_msgs/__init__.py'...
[2.719s] Listing '/home/cassilas/ros2_ws/src/person_msgs/install/person_msgs/local/lib/python3.10/dist-packages/person_msgs/msg'...
[2.719s] Compiling '/home/cassilas/ros2_ws/src/person_msgs/install/person_msgs/local/lib/python3.10/dist-packages/person_msgs/msg/__init__.py'...
[2.719s] Compiling '/home/cassilas/ros2_ws/src/person_msgs/install/person_msgs/local/lib/python3.10/dist-packages/person_msgs/msg/_person.py'...
[2.722s] -- Installing: /home/cassilas/ros2_ws/src/person_msgs/install/person_msgs/local/lib/python3.10/dist-packages/person_msgs/person_msgs_s__rosidl_typesupport_fastrtps_c.cpython-310-x86_64-linux-gnu.so
[2.722s] -- Set runtime path of "/home/cassilas/ros2_ws/src/person_msgs/install/person_msgs/local/lib/python3.10/dist-packages/person_msgs/person_msgs_s__rosidl_typesupport_fastrtps_c.cpython-310-x86_64-linux-gnu.so" to ""
[2.723s] -- Installing: /home/cassilas/ros2_ws/src/person_msgs/install/person_msgs/local/lib/python3.10/dist-packages/person_msgs/person_msgs_s__rosidl_typesupport_introspection_c.cpython-310-x86_64-linux-gnu.so
[2.723s] -- Set runtime path of "/home/cassilas/ros2_ws/src/person_msgs/install/person_msgs/local/lib/python3.10/dist-packages/person_msgs/person_msgs_s__rosidl_typesupport_introspection_c.cpython-310-x86_64-linux-gnu.so" to ""
[2.723s] -- Installing: /home/cassilas/ros2_ws/src/person_msgs/install/person_msgs/local/lib/python3.10/dist-packages/person_msgs/person_msgs_s__rosidl_typesupport_c.cpython-310-x86_64-linux-gnu.so
[2.724s] -- Set runtime path of "/home/cassilas/ros2_ws/src/person_msgs/install/person_msgs/local/lib/python3.10/dist-packages/person_msgs/person_msgs_s__rosidl_typesupport_c.cpython-310-x86_64-linux-gnu.so" to ""
[2.724s] -- Installing: /home/cassilas/ros2_ws/src/person_msgs/install/person_msgs/lib/libperson_msgs__rosidl_generator_py.so
[2.724s] -- Set runtime path of "/home/cassilas/ros2_ws/src/person_msgs/install/person_msgs/lib/libperson_msgs__rosidl_generator_py.so" to ""
[2.724s] -- Installing: /home/cassilas/ros2_ws/src/person_msgs/install/person_msgs/share/person_msgs/msg/Person.idl
[2.724s] -- Installing: /home/cassilas/ros2_ws/src/person_msgs/install/person_msgs/share/person_msgs/msg/Person.msg
[2.724s] -- Installing: /home/cassilas/ros2_ws/src/person_msgs/install/person_msgs/share/ament_index/resource_index/package_run_dependencies/person_msgs
[2.724s] -- Installing: /home/cassilas/ros2_ws/src/person_msgs/install/person_msgs/share/ament_index/resource_index/parent_prefix_path/person_msgs
[2.724s] -- Installing: /home/cassilas/ros2_ws/src/person_msgs/install/person_msgs/share/person_msgs/environment/ament_prefix_path.sh
[2.725s] -- Installing: /home/cassilas/ros2_ws/src/person_msgs/install/person_msgs/share/person_msgs/environment/ament_prefix_path.dsv
[2.725s] -- Installing: /home/cassilas/ros2_ws/src/person_msgs/install/person_msgs/share/person_msgs/environment/path.sh
[2.725s] -- Installing: /home/cassilas/ros2_ws/src/person_msgs/install/person_msgs/share/person_msgs/environment/path.dsv
[2.725s] -- Installing: /home/cassilas/ros2_ws/src/person_msgs/install/person_msgs/share/person_msgs/local_setup.bash
[2.725s] -- Installing: /home/cassilas/ros2_ws/src/person_msgs/install/person_msgs/share/person_msgs/local_setup.sh
[2.725s] -- Installing: /home/cassilas/ros2_ws/src/person_msgs/install/person_msgs/share/person_msgs/local_setup.zsh
[2.726s] -- Installing: /home/cassilas/ros2_ws/src/person_msgs/install/person_msgs/share/person_msgs/local_setup.dsv
[2.726s] -- Installing: /home/cassilas/ros2_ws/src/person_msgs/install/person_msgs/share/person_msgs/package.dsv
[2.726s] -- Installing: /home/cassilas/ros2_ws/src/person_msgs/install/person_msgs/share/ament_index/resource_index/packages/person_msgs
[2.726s] -- Installing: /home/cassilas/ros2_ws/src/person_msgs/install/person_msgs/share/person_msgs/cmake/export_person_msgs__rosidl_generator_cExport.cmake
[2.726s] -- Installing: /home/cassilas/ros2_ws/src/person_msgs/install/person_msgs/share/person_msgs/cmake/export_person_msgs__rosidl_generator_cExport-noconfig.cmake
[2.726s] -- Installing: /home/cassilas/ros2_ws/src/person_msgs/install/person_msgs/share/person_msgs/cmake/export_person_msgs__rosidl_typesupport_fastrtps_cExport.cmake
[2.727s] -- Installing: /home/cassilas/ros2_ws/src/person_msgs/install/person_msgs/share/person_msgs/cmake/export_person_msgs__rosidl_typesupport_fastrtps_cExport-noconfig.cmake
[2.727s] -- Installing: /home/cassilas/ros2_ws/src/person_msgs/install/person_msgs/share/person_msgs/cmake/person_msgs__rosidl_typesupport_introspection_cExport.cmake
[2.727s] -- Installing: /home/cassilas/ros2_ws/src/person_msgs/install/person_msgs/share/person_msgs/cmake/person_msgs__rosidl_typesupport_introspection_cExport-noconfig.cmake
[2.727s] -- Installing: /home/cassilas/ros2_ws/src/person_msgs/install/person_msgs/share/person_msgs/cmake/person_msgs__rosidl_typesupport_cExport.cmake
[2.727s] -- Installing: /home/cassilas/ros2_ws/src/person_msgs/install/person_msgs/share/person_msgs/cmake/person_msgs__rosidl_typesupport_cExport-noconfig.cmake
[2.727s] -- Installing: /home/cassilas/ros2_ws/src/person_msgs/install/person_msgs/share/person_msgs/cmake/export_person_msgs__rosidl_generator_cppExport.cmake
[2.727s] -- Installing: /home/cassilas/ros2_ws/src/person_msgs/install/person_msgs/share/person_msgs/cmake/export_person_msgs__rosidl_typesupport_fastrtps_cppExport.cmake
[2.727s] -- Installing: /home/cassilas/ros2_ws/src/person_msgs/install/person_msgs/share/person_msgs/cmake/export_person_msgs__rosidl_typesupport_fastrtps_cppExport-noconfig.cmake
[2.728s] -- Installing: /home/cassilas/ros2_ws/src/person_msgs/install/person_msgs/share/person_msgs/cmake/person_msgs__rosidl_typesupport_introspection_cppExport.cmake
[2.728s] -- Installing: /home/cassilas/ros2_ws/src/person_msgs/install/person_msgs/share/person_msgs/cmake/person_msgs__rosidl_typesupport_introspection_cppExport-noconfig.cmake
[2.728s] -- Installing: /home/cassilas/ros2_ws/src/person_msgs/install/person_msgs/share/person_msgs/cmake/person_msgs__rosidl_typesupport_cppExport.cmake
[2.728s] -- Installing: /home/cassilas/ros2_ws/src/person_msgs/install/person_msgs/share/person_msgs/cmake/person_msgs__rosidl_typesupport_cppExport-noconfig.cmake
[2.728s] -- Installing: /home/cassilas/ros2_ws/src/person_msgs/install/person_msgs/share/person_msgs/cmake/export_person_msgs__rosidl_generator_pyExport.cmake
[2.729s] -- Installing: /home/cassilas/ros2_ws/src/person_msgs/install/person_msgs/share/person_msgs/cmake/export_person_msgs__rosidl_generator_pyExport-noconfig.cmake
[2.729s] -- Installing: /home/cassilas/ros2_ws/src/person_msgs/install/person_msgs/share/person_msgs/cmake/rosidl_cmake-extras.cmake
[2.729s] -- Installing: /home/cassilas/ros2_ws/src/person_msgs/install/person_msgs/share/person_msgs/cmake/ament_cmake_export_include_directories-extras.cmake
[2.729s] -- Installing: /home/cassilas/ros2_ws/src/person_msgs/install/person_msgs/share/person_msgs/cmake/ament_cmake_export_libraries-extras.cmake
[2.729s] -- Installing: /home/cassilas/ros2_ws/src/person_msgs/install/person_msgs/share/person_msgs/cmake/ament_cmake_export_targets-extras.cmake
[2.729s] -- Installing: /home/cassilas/ros2_ws/src/person_msgs/install/person_msgs/share/person_msgs/cmake/rosidl_cmake_export_typesupport_targets-extras.cmake
[2.729s] -- Installing: /home/cassilas/ros2_ws/src/person_msgs/install/person_msgs/share/person_msgs/cmake/ament_cmake_export_dependencies-extras.cmake
[2.730s] -- Installing: /home/cassilas/ros2_ws/src/person_msgs/install/person_msgs/share/person_msgs/cmake/rosidl_cmake_export_typesupport_libraries-extras.cmake
[2.730s] -- Installing: /home/cassilas/ros2_ws/src/person_msgs/install/person_msgs/share/person_msgs/cmake/person_msgsConfig.cmake
[2.730s] -- Installing: /home/cassilas/ros2_ws/src/person_msgs/install/person_msgs/share/person_msgs/cmake/person_msgsConfig-version.cmake
[2.730s] -- Installing: /home/cassilas/ros2_ws/src/person_msgs/install/person_msgs/share/person_msgs/package.xml
[2.731s] Invoked command in '/home/cassilas/ros2_ws/src/person_msgs/build/person_msgs' returned '0': CMAKE_PREFIX_PATH=${CMAKE_PREFIX_PATH}:/home/cassilas/ros2_ws/install/mypkg:/opt/ros/humble /usr/bin/cmake --install /home/cassilas/ros2_ws/src/person_msgs/build/person_msgs
