[0.519s] DEBUG:colcon:Command line arguments: ['/usr/bin/colcon', 'build']
[0.519s] DEBUG:colcon:Parsed command line arguments: Namespace(log_base=None, log_level=None, verb_name='build', build_base='build', install_base='install', merge_install=False, symlink_install=False, test_result_base=None, continue_on_error=False, executor='parallel', parallel_workers=8, event_handlers=None, ignore_user_meta=False, metas=['./colcon.meta'], base_paths=['.'], packages_ignore=None, packages_ignore_regex=None, paths=None, packages_up_to=None, packages_up_to_regex=None, packages_above=None, packages_above_and_dependencies=None, packages_above_depth=None, packages_select_by_dep=None, packages_skip_by_dep=None, packages_skip_up_to=None, packages_select_build_failed=False, packages_skip_build_finished=False, packages_select_test_failures=False, packages_skip_test_passed=False, packages_select=None, packages_skip=None, packages_select_regex=None, packages_skip_regex=None, packages_start=None, packages_end=None, allow_overriding=[], cmake_args=None, cmake_target=None, cmake_target_skip_unavailable=False, cmake_clean_cache=False, cmake_clean_first=False, cmake_force_configure=False, ament_cmake_args=None, catkin_cmake_args=None, catkin_skip_building_tests=False, verb_parser=<colcon_defaults.argument_parser.defaults.DefaultArgumentsDecorator object at 0x7fdcb11f56f0>, verb_extension=<colcon_core.verb.build.BuildVerb object at 0x7fdcb15139a0>, main=<bound method BuildVerb.main of <colcon_core.verb.build.BuildVerb object at 0x7fdcb15139a0>>)
[0.550s] Level 1:colcon.colcon_core.package_discovery:discover_packages(colcon_meta) check parameters
[0.550s] Level 1:colcon.colcon_core.package_discovery:discover_packages(recursive) check parameters
[0.550s] Level 1:colcon.colcon_core.package_discovery:discover_packages(ignore) check parameters
[0.550s] Level 1:colcon.colcon_core.package_discovery:discover_packages(path) check parameters
[0.550s] Level 1:colcon.colcon_core.package_discovery:discover_packages(colcon_meta) discover
[0.550s] Level 1:colcon.colcon_core.package_discovery:discover_packages(recursive) discover
[0.550s] INFO:colcon.colcon_core.package_discovery:Crawling recursively for packages in '/home/cassilas/ros2_ws/src/person_msgs'
[0.550s] Level 1:colcon.colcon_core.package_identification:_identify(.) by extensions ['ignore', 'ignore_ament_install']
[0.550s] Level 1:colcon.colcon_core.package_identification:_identify(.) by extension 'ignore'
[0.551s] Level 1:colcon.colcon_core.package_identification:_identify(.) by extension 'ignore_ament_install'
[0.551s] Level 1:colcon.colcon_core.package_identification:_identify(.) by extensions ['colcon_pkg']
[0.551s] Level 1:colcon.colcon_core.package_identification:_identify(.) by extension 'colcon_pkg'
[0.551s] Level 1:colcon.colcon_core.package_identification:_identify(.) by extensions ['colcon_meta']
[0.551s] Level 1:colcon.colcon_core.package_identification:_identify(.) by extension 'colcon_meta'
[0.551s] Level 1:colcon.colcon_core.package_identification:_identify(.) by extensions ['ros']
[0.551s] Level 1:colcon.colcon_core.package_identification:_identify(.) by extension 'ros'
[0.561s] DEBUG:colcon.colcon_core.package_identification:Package '.' with type 'ros.ament_cmake' and name 'person_msgs'
[0.561s] Level 1:colcon.colcon_core.package_discovery:discover_packages(recursive) using defaults
[0.561s] Level 1:colcon.colcon_core.package_discovery:discover_packages(ignore) discover
[0.561s] Level 1:colcon.colcon_core.package_discovery:discover_packages(ignore) using defaults
[0.561s] Level 1:colcon.colcon_core.package_discovery:discover_packages(path) discover
[0.561s] Level 1:colcon.colcon_core.package_discovery:discover_packages(path) using defaults
[0.613s] Level 1:colcon.colcon_core.package_discovery:discover_packages(prefix_path) check parameters
[0.613s] Level 1:colcon.colcon_core.package_discovery:discover_packages(prefix_path) discover
[0.619s] WARNING:colcon.colcon_ros.prefix_path.ament:The path '/home/cassilas/ros2_ws/install/person_msgs' in the environment variable AMENT_PREFIX_PATH doesn't exist
[0.620s] WARNING:colcon.colcon_ros.prefix_path.catkin:The path '/home/cassilas/ros2_ws/install/person_msgs' in the environment variable CMAKE_PREFIX_PATH doesn't exist
[0.627s] DEBUG:colcon.colcon_installed_package_information.package_discovery:Found 1 installed packages in /home/cassilas/ros2_ws/install
[0.634s] DEBUG:colcon.colcon_installed_package_information.package_discovery:Found 270 installed packages in /opt/ros/humble
[0.635s] Level 1:colcon.colcon_core.package_discovery:discover_packages(prefix_path) using defaults
[0.678s] Level 5:colcon.colcon_core.verb:set package 'person_msgs' build argument 'cmake_args' from command line to 'None'
[0.678s] Level 5:colcon.colcon_core.verb:set package 'person_msgs' build argument 'cmake_target' from command line to 'None'
[0.678s] Level 5:colcon.colcon_core.verb:set package 'person_msgs' build argument 'cmake_target_skip_unavailable' from command line to 'False'
[0.678s] Level 5:colcon.colcon_core.verb:set package 'person_msgs' build argument 'cmake_clean_cache' from command line to 'False'
[0.678s] Level 5:colcon.colcon_core.verb:set package 'person_msgs' build argument 'cmake_clean_first' from command line to 'False'
[0.678s] Level 5:colcon.colcon_core.verb:set package 'person_msgs' build argument 'cmake_force_configure' from command line to 'False'
[0.678s] Level 5:colcon.colcon_core.verb:set package 'person_msgs' build argument 'ament_cmake_args' from command line to 'None'
[0.678s] Level 5:colcon.colcon_core.verb:set package 'person_msgs' build argument 'catkin_cmake_args' from command line to 'None'
[0.678s] Level 5:colcon.colcon_core.verb:set package 'person_msgs' build argument 'catkin_skip_building_tests' from command line to 'False'
[0.678s] DEBUG:colcon.colcon_core.verb:Building package 'person_msgs' with the following arguments: {'ament_cmake_args': None, 'build_base': '/home/cassilas/ros2_ws/src/person_msgs/build/person_msgs', 'catkin_cmake_args': None, 'catkin_skip_building_tests': False, 'cmake_args': None, 'cmake_clean_cache': False, 'cmake_clean_first': False, 'cmake_force_configure': False, 'cmake_target': None, 'cmake_target_skip_unavailable': False, 'install_base': '/home/cassilas/ros2_ws/src/person_msgs/install/person_msgs', 'merge_install': False, 'path': '/home/cassilas/ros2_ws/src/person_msgs', 'symlink_install': False, 'test_result_base': None}
[0.687s] INFO:colcon.colcon_core.executor:Executing jobs using 'parallel' executor
[0.697s] DEBUG:colcon.colcon_parallel_executor.executor.parallel:run_until_complete
[0.697s] INFO:colcon.colcon_ros.task.ament_cmake.build:Building ROS package in '/home/cassilas/ros2_ws/src/person_msgs' with build type 'ament_cmake'
[0.697s] INFO:colcon.colcon_cmake.task.cmake.build:Building CMake package in '/home/cassilas/ros2_ws/src/person_msgs'
[0.706s] INFO:colcon.colcon_core.plugin_system:Skipping extension 'colcon_core.shell.bat': Not used on non-Windows systems
[0.706s] INFO:colcon.colcon_core.shell:Skip shell extension 'powershell' for command environment: Not usable outside of PowerShell
[0.706s] DEBUG:colcon.colcon_core.shell:Skip shell extension 'dsv' for command environment
[0.737s] DEBUG:colcon.colcon_core.event_handler.log_command:Invoking command in '/home/cassilas/ros2_ws/src/person_msgs/build/person_msgs': CMAKE_PREFIX_PATH=${CMAKE_PREFIX_PATH}:/home/cassilas/ros2_ws/install/mypkg:/opt/ros/humble /usr/bin/cmake /home/cassilas/ros2_ws/src/person_msgs -DCMAKE_INSTALL_PREFIX=/home/cassilas/ros2_ws/src/person_msgs/install/person_msgs
[1.767s] DEBUG:colcon.colcon_core.event_handler.log_command:Invoked command in '/home/cassilas/ros2_ws/src/person_msgs/build/person_msgs' returned '0': CMAKE_PREFIX_PATH=${CMAKE_PREFIX_PATH}:/home/cassilas/ros2_ws/install/mypkg:/opt/ros/humble /usr/bin/cmake /home/cassilas/ros2_ws/src/person_msgs -DCMAKE_INSTALL_PREFIX=/home/cassilas/ros2_ws/src/person_msgs/install/person_msgs
[1.769s] DEBUG:colcon.colcon_core.event_handler.log_command:Invoking command in '/home/cassilas/ros2_ws/src/person_msgs/build/person_msgs': CMAKE_PREFIX_PATH=${CMAKE_PREFIX_PATH}:/home/cassilas/ros2_ws/install/mypkg:/opt/ros/humble /usr/bin/cmake --build /home/cassilas/ros2_ws/src/person_msgs/build/person_msgs -- -j8 -l8
[3.339s] DEBUG:colcon.colcon_core.event_handler.log_command:Invoked command in '/home/cassilas/ros2_ws/src/person_msgs/build/person_msgs' returned '0': CMAKE_PREFIX_PATH=${CMAKE_PREFIX_PATH}:/home/cassilas/ros2_ws/install/mypkg:/opt/ros/humble /usr/bin/cmake --build /home/cassilas/ros2_ws/src/person_msgs/build/person_msgs -- -j8 -l8
[3.382s] DEBUG:colcon.colcon_core.event_handler.log_command:Invoking command in '/home/cassilas/ros2_ws/src/person_msgs/build/person_msgs': CMAKE_PREFIX_PATH=${CMAKE_PREFIX_PATH}:/home/cassilas/ros2_ws/install/mypkg:/opt/ros/humble /usr/bin/cmake --install /home/cassilas/ros2_ws/src/person_msgs/build/person_msgs
[3.429s] Level 1:colcon.colcon_core.environment:create_environment_scripts_only(person_msgs)
[3.430s] DEBUG:colcon.colcon_core.event_handler.log_command:Invoked command in '/home/cassilas/ros2_ws/src/person_msgs/build/person_msgs' returned '0': CMAKE_PREFIX_PATH=${CMAKE_PREFIX_PATH}:/home/cassilas/ros2_ws/install/mypkg:/opt/ros/humble /usr/bin/cmake --install /home/cassilas/ros2_ws/src/person_msgs/build/person_msgs
[3.439s] Level 1:colcon.colcon_core.environment:checking '/home/cassilas/ros2_ws/src/person_msgs/install/person_msgs' for CMake module files
[3.440s] Level 1:colcon.colcon_core.environment:checking '/home/cassilas/ros2_ws/src/person_msgs/install/person_msgs' for CMake config files
[3.440s] Level 1:colcon.colcon_core.shell:create_environment_hook('person_msgs', 'cmake_prefix_path')
[3.447s] INFO:colcon.colcon_core.shell:Creating environment hook '/home/cassilas/ros2_ws/src/person_msgs/install/person_msgs/share/person_msgs/hook/cmake_prefix_path.ps1'
[3.448s] INFO:colcon.colcon_core.shell:Creating environment descriptor '/home/cassilas/ros2_ws/src/person_msgs/install/person_msgs/share/person_msgs/hook/cmake_prefix_path.dsv'
[3.448s] INFO:colcon.colcon_core.shell:Creating environment hook '/home/cassilas/ros2_ws/src/person_msgs/install/person_msgs/share/person_msgs/hook/cmake_prefix_path.sh'
[3.449s] Level 1:colcon.colcon_core.environment:checking '/home/cassilas/ros2_ws/src/person_msgs/install/person_msgs/lib'
[3.449s] Level 1:colcon.colcon_core.shell:create_environment_hook('person_msgs', 'ld_library_path_lib')
[3.456s] INFO:colcon.colcon_core.shell:Creating environment hook '/home/cassilas/ros2_ws/src/person_msgs/install/person_msgs/share/person_msgs/hook/ld_library_path_lib.ps1'
[3.456s] INFO:colcon.colcon_core.shell:Creating environment descriptor '/home/cassilas/ros2_ws/src/person_msgs/install/person_msgs/share/person_msgs/hook/ld_library_path_lib.dsv'
[3.456s] INFO:colcon.colcon_core.shell:Creating environment hook '/home/cassilas/ros2_ws/src/person_msgs/install/person_msgs/share/person_msgs/hook/ld_library_path_lib.sh'
[3.456s] Level 1:colcon.colcon_core.environment:checking '/home/cassilas/ros2_ws/src/person_msgs/install/person_msgs/bin'
[3.456s] Level 1:colcon.colcon_core.environment:checking '/home/cassilas/ros2_ws/src/person_msgs/install/person_msgs/lib/pkgconfig/person_msgs.pc'
[3.457s] Level 1:colcon.colcon_core.environment:checking '/home/cassilas/ros2_ws/src/person_msgs/install/person_msgs/lib/python3.10/site-packages'
[3.457s] Level 1:colcon.colcon_core.environment:checking '/home/cassilas/ros2_ws/src/person_msgs/install/person_msgs/bin'
[3.463s] INFO:colcon.colcon_core.shell:Creating package script '/home/cassilas/ros2_ws/src/person_msgs/install/person_msgs/share/person_msgs/package.ps1'
[3.464s] INFO:colcon.colcon_core.shell:Creating package descriptor '/home/cassilas/ros2_ws/src/person_msgs/install/person_msgs/share/person_msgs/package.dsv'
[3.464s] INFO:colcon.colcon_core.shell:Creating package script '/home/cassilas/ros2_ws/src/person_msgs/install/person_msgs/share/person_msgs/package.sh'
[3.466s] INFO:colcon.colcon_core.shell:Creating package script '/home/cassilas/ros2_ws/src/person_msgs/install/person_msgs/share/person_msgs/package.bash'
[3.467s] INFO:colcon.colcon_core.shell:Creating package script '/home/cassilas/ros2_ws/src/person_msgs/install/person_msgs/share/person_msgs/package.zsh'
[3.467s] Level 1:colcon.colcon_core.environment:create_file_with_runtime_dependencies(/home/cassilas/ros2_ws/src/person_msgs/install/person_msgs/share/colcon-core/packages/person_msgs)
[3.511s] Level 1:colcon.colcon_core.environment:create_environment_scripts_only(person_msgs)
[3.519s] Level 1:colcon.colcon_core.environment:checking '/home/cassilas/ros2_ws/src/person_msgs/install/person_msgs' for CMake module files
[3.519s] Level 1:colcon.colcon_core.environment:checking '/home/cassilas/ros2_ws/src/person_msgs/install/person_msgs' for CMake config files
[3.520s] Level 1:colcon.colcon_core.shell:create_environment_hook('person_msgs', 'cmake_prefix_path')
[3.527s] INFO:colcon.colcon_core.shell:Creating environment hook '/home/cassilas/ros2_ws/src/person_msgs/install/person_msgs/share/person_msgs/hook/cmake_prefix_path.ps1'
[3.528s] INFO:colcon.colcon_core.shell:Creating environment descriptor '/home/cassilas/ros2_ws/src/person_msgs/install/person_msgs/share/person_msgs/hook/cmake_prefix_path.dsv'
[3.528s] INFO:colcon.colcon_core.shell:Creating environment hook '/home/cassilas/ros2_ws/src/person_msgs/install/person_msgs/share/person_msgs/hook/cmake_prefix_path.sh'
[3.528s] Level 1:colcon.colcon_core.environment:checking '/home/cassilas/ros2_ws/src/person_msgs/install/person_msgs/lib'
[3.528s] Level 1:colcon.colcon_core.shell:create_environment_hook('person_msgs', 'ld_library_path_lib')
[3.535s] INFO:colcon.colcon_core.shell:Creating environment hook '/home/cassilas/ros2_ws/src/person_msgs/install/person_msgs/share/person_msgs/hook/ld_library_path_lib.ps1'
[3.535s] INFO:colcon.colcon_core.shell:Creating environment descriptor '/home/cassilas/ros2_ws/src/person_msgs/install/person_msgs/share/person_msgs/hook/ld_library_path_lib.dsv'
[3.536s] INFO:colcon.colcon_core.shell:Creating environment hook '/home/cassilas/ros2_ws/src/person_msgs/install/person_msgs/share/person_msgs/hook/ld_library_path_lib.sh'
[3.536s] Level 1:colcon.colcon_core.environment:checking '/home/cassilas/ros2_ws/src/person_msgs/install/person_msgs/bin'
[3.536s] Level 1:colcon.colcon_core.environment:checking '/home/cassilas/ros2_ws/src/person_msgs/install/person_msgs/lib/pkgconfig/person_msgs.pc'
[3.536s] Level 1:colcon.colcon_core.environment:checking '/home/cassilas/ros2_ws/src/person_msgs/install/person_msgs/lib/python3.10/site-packages'
[3.536s] Level 1:colcon.colcon_core.environment:checking '/home/cassilas/ros2_ws/src/person_msgs/install/person_msgs/bin'
[3.543s] INFO:colcon.colcon_core.shell:Creating package script '/home/cassilas/ros2_ws/src/person_msgs/install/person_msgs/share/person_msgs/package.ps1'
[3.543s] INFO:colcon.colcon_core.shell:Creating package descriptor '/home/cassilas/ros2_ws/src/person_msgs/install/person_msgs/share/person_msgs/package.dsv'
[3.543s] INFO:colcon.colcon_core.shell:Creating package script '/home/cassilas/ros2_ws/src/person_msgs/install/person_msgs/share/person_msgs/package.sh'
[3.543s] INFO:colcon.colcon_core.shell:Creating package script '/home/cassilas/ros2_ws/src/person_msgs/install/person_msgs/share/person_msgs/package.bash'
[3.544s] INFO:colcon.colcon_core.shell:Creating package script '/home/cassilas/ros2_ws/src/person_msgs/install/person_msgs/share/person_msgs/package.zsh'
[3.544s] Level 1:colcon.colcon_core.environment:create_file_with_runtime_dependencies(/home/cassilas/ros2_ws/src/person_msgs/install/person_msgs/share/colcon-core/packages/person_msgs)
[3.544s] DEBUG:colcon.colcon_parallel_executor.executor.parallel:closing loop
[3.545s] DEBUG:colcon.colcon_parallel_executor.executor.parallel:loop closed
[3.545s] DEBUG:colcon.colcon_parallel_executor.executor.parallel:run_until_complete finished with '0'
[3.545s] DEBUG:colcon.colcon_core.event_reactor:joining thread
[3.581s] INFO:colcon.colcon_core.plugin_system:Skipping extension 'colcon_notification.desktop_notification.notify_send': Could not find 'notify-send'
[3.581s] INFO:colcon.colcon_core.plugin_system:Skipping extension 'colcon_notification.desktop_notification.terminal_notifier': Not used on non-Darwin systems
[3.581s] INFO:colcon.colcon_core.plugin_system:Skipping extension 'colcon_notification.desktop_notification.win32': Not used on non-Windows systems
[3.582s] INFO:colcon.colcon_notification.desktop_notification:Sending desktop notification using 'notify2'
[3.582s] DEBUG:colcon.colcon_notification.desktop_notification.notify2:Failed to initialize notify2: org.freedesktop.DBus.Error.FileNotFound: Failed to connect to socket /run/user/1000/bus: No such file or directory
[3.582s] DEBUG:colcon.colcon_core.event_reactor:joined thread
[3.591s] INFO:colcon.colcon_core.shell:Creating prefix script '/home/cassilas/ros2_ws/src/person_msgs/install/local_setup.ps1'
[3.592s] INFO:colcon.colcon_core.shell:Creating prefix util module '/home/cassilas/ros2_ws/src/person_msgs/install/_local_setup_util_ps1.py'
[3.593s] INFO:colcon.colcon_core.shell:Creating prefix chain script '/home/cassilas/ros2_ws/src/person_msgs/install/setup.ps1'
[3.601s] INFO:colcon.colcon_core.shell:Creating prefix script '/home/cassilas/ros2_ws/src/person_msgs/install/local_setup.sh'
[3.602s] INFO:colcon.colcon_core.shell:Creating prefix util module '/home/cassilas/ros2_ws/src/person_msgs/install/_local_setup_util_sh.py'
[3.602s] INFO:colcon.colcon_core.shell:Creating prefix chain script '/home/cassilas/ros2_ws/src/person_msgs/install/setup.sh'
[3.611s] INFO:colcon.colcon_core.shell:Creating prefix script '/home/cassilas/ros2_ws/src/person_msgs/install/local_setup.bash'
[3.611s] INFO:colcon.colcon_core.shell:Creating prefix chain script '/home/cassilas/ros2_ws/src/person_msgs/install/setup.bash'
[3.618s] INFO:colcon.colcon_core.shell:Creating prefix script '/home/cassilas/ros2_ws/src/person_msgs/install/local_setup.zsh'
[3.619s] INFO:colcon.colcon_core.shell:Creating prefix chain script '/home/cassilas/ros2_ws/src/person_msgs/install/setup.zsh'
